==16531== Memcheck, a memory error detector
==16531== Copyright (C) 2002-2015, and GNU GPL'd, by Julian Seward et al.
==16531== Using Valgrind-3.12.0 and LibVEX; rerun with -h for copyright info
==16531== Command: ./bison Input/success_1.c
==16531== Parent PID: 8831
==16531== 
--16531-- 
--16531-- Valgrind options:
--16531--    -v
--16531--    --tool=memcheck
--16531--    --leak-check=full
--16531--    --show-leak-kinds=all
--16531--    --track-origins=yes
--16531--    --log-file=logfile.out
--16531-- Contents of /proc/version:
--16531--   Linux version 4.4.0-19041-Microsoft (Microsoft@Microsoft.com) (gcc version 5.4.0 (GCC) ) #488-Microsoft Mon Sep 01 13:43:00 PST 2020
--16531-- 
--16531-- Arch and hwcaps: AMD64, LittleEndian, amd64-cx16-lzcnt-rdtscp-sse3-avx-avx2-bmi
--16531-- Page sizes: currently 4096, max supported 4096
--16531-- Valgrind library directory: /usr/local/lib/valgrind
--16531-- Reading syms from /mnt/c/Users/tvmma/Documents/Git/UnB/Tradutores/Semantico/bison
--16531-- Reading syms from /lib/x86_64-linux-gnu/ld-2.27.so
--16531--   Considering /lib/x86_64-linux-gnu/ld-2.27.so ..
--16531--   .. CRC mismatch (computed 0ef8daab wanted 65bccefe)
--16531--   Considering /usr/lib/debug/lib/x86_64-linux-gnu/ld-2.27.so ..
--16531--   .. CRC is valid
--16531-- Reading syms from /usr/local/lib/valgrind/memcheck-amd64-linux
--16531--    object doesn't have a dynamic symbol table
--16531-- Scheduler: using generic scheduler lock implementation.
--16531-- Reading suppressions file: /usr/local/lib/valgrind/default.supp
==16531== embedded gdbserver: reading from /tmp/vgdb-pipe-from-vgdb-to-16531-by-thiiagobr25-on-???
==16531== embedded gdbserver: writing to   /tmp/vgdb-pipe-to-vgdb-from-16531-by-thiiagobr25-on-???
==16531== embedded gdbserver: shared mem   /tmp/vgdb-pipe-shared-mem-vgdb-16531-by-thiiagobr25-on-???
==16531== 
==16531== TO CONTROL THIS PROCESS USING vgdb (which you probably
==16531== don't want to do, unless you know exactly what you're doing,
==16531== or are doing some strange experiment):
==16531==   /usr/local/lib/valgrind/../../bin/vgdb --pid=16531 ...command...
==16531== 
==16531== TO DEBUG THIS PROCESS USING GDB: start GDB like this
==16531==   /path/to/gdb ./bison
==16531== and then give GDB the following command
==16531==   target remote | /usr/local/lib/valgrind/../../bin/vgdb --pid=16531
==16531== --pid is optional if only one valgrind process is running
==16531== 
==16531== error calling PR_SET_PTRACER, vgdb might block
--16531-- REDIR: 0x4020d20 (ld-linux-x86-64.so.2:strlen) redirected to 0x3805f941 (vgPlain_amd64_linux_REDIR_FOR_strlen)
--16531-- REDIR: 0x4020b00 (ld-linux-x86-64.so.2:index) redirected to 0x3805f95b (vgPlain_amd64_linux_REDIR_FOR_index)
--16531-- Reading syms from /usr/local/lib/valgrind/vgpreload_core-amd64-linux.so
--16531-- Reading syms from /usr/local/lib/valgrind/vgpreload_memcheck-amd64-linux.so
==16531== WARNING: new redirection conflicts with existing -- ignoring it
--16531--     old: 0x04020d20 (strlen              ) R-> (0000.0) 0x3805f941 vgPlain_amd64_linux_REDIR_FOR_strlen
--16531--     new: 0x04020d20 (strlen              ) R-> (2007.0) 0x04c34bf0 strlen
--16531-- REDIR: 0x401d540 (ld-linux-x86-64.so.2:strcmp) redirected to 0x4c35d20 (strcmp)
--16531-- REDIR: 0x4021260 (ld-linux-x86-64.so.2:mempcpy) redirected to 0x4c39330 (mempcpy)
--16531-- Reading syms from /lib/x86_64-linux-gnu/libc-2.27.so
--16531--   Considering /lib/x86_64-linux-gnu/libc-2.27.so ..
--16531--   .. CRC mismatch (computed cb654923 wanted 8713c55a)
--16531--   Considering /usr/lib/debug/lib/x86_64-linux-gnu/libc-2.27.so ..
--16531--   .. CRC is valid
--16531-- REDIR: 0x4edcb70 (libc.so.6:memmove) redirected to 0x4a2c6de (_vgnU_ifunc_wrapper)
--16531-- REDIR: 0x4edbe80 (libc.so.6:strncpy) redirected to 0x4a2c6de (_vgnU_ifunc_wrapper)
--16531-- REDIR: 0x4edce50 (libc.so.6:strcasecmp) redirected to 0x4a2c6de (_vgnU_ifunc_wrapper)
--16531-- REDIR: 0x4edb8d0 (libc.so.6:strcat) redirected to 0x4a2c6de (_vgnU_ifunc_wrapper)
--16531-- REDIR: 0x4edbeb0 (libc.so.6:rindex) redirected to 0x4a2c6de (_vgnU_ifunc_wrapper)
--16531-- REDIR: 0x4ede5a0 (libc.so.6:rawmemchr) redirected to 0x4a2c6de (_vgnU_ifunc_wrapper)
--16531-- REDIR: 0x4edcce0 (libc.so.6:mempcpy) redirected to 0x4a2c6de (_vgnU_ifunc_wrapper)
--16531-- REDIR: 0x4edcb10 (libc.so.6:bcmp) redirected to 0x4a2c6de (_vgnU_ifunc_wrapper)
--16531-- REDIR: 0x4edbe40 (libc.so.6:strncmp) redirected to 0x4a2c6de (_vgnU_ifunc_wrapper)
--16531-- REDIR: 0x4edb940 (libc.so.6:strcmp) redirected to 0x4a2c6de (_vgnU_ifunc_wrapper)
--16531-- REDIR: 0x4edcc40 (libc.so.6:memset) redirected to 0x4a2c6de (_vgnU_ifunc_wrapper)
--16531-- REDIR: 0x4ef9ed0 (libc.so.6:wcschr) redirected to 0x4a2c6de (_vgnU_ifunc_wrapper)
--16531-- REDIR: 0x4edbde0 (libc.so.6:strnlen) redirected to 0x4a2c6de (_vgnU_ifunc_wrapper)
--16531-- REDIR: 0x4edb9b0 (libc.so.6:strcspn) redirected to 0x4a2c6de (_vgnU_ifunc_wrapper)
--16531-- REDIR: 0x4edcea0 (libc.so.6:strncasecmp) redirected to 0x4a2c6de (_vgnU_ifunc_wrapper)
--16531-- REDIR: 0x4edb980 (libc.so.6:strcpy) redirected to 0x4a2c6de (_vgnU_ifunc_wrapper)
--16531-- REDIR: 0x4edcfe0 (libc.so.6:memcpy@@GLIBC_2.14) redirected to 0x4a2c6de (_vgnU_ifunc_wrapper)
--16531-- REDIR: 0x4edbee0 (libc.so.6:strpbrk) redirected to 0x4a2c6de (_vgnU_ifunc_wrapper)
--16531-- REDIR: 0x4edb900 (libc.so.6:index) redirected to 0x4a2c6de (_vgnU_ifunc_wrapper)
--16531-- REDIR: 0x4edbdb0 (libc.so.6:strlen) redirected to 0x4a2c6de (_vgnU_ifunc_wrapper)
--16531-- REDIR: 0x4ee64a0 (libc.so.6:memrchr) redirected to 0x4a2c6de (_vgnU_ifunc_wrapper)
--16531-- REDIR: 0x4edcef0 (libc.so.6:strcasecmp_l) redirected to 0x4a2c6de (_vgnU_ifunc_wrapper)
--16531-- REDIR: 0x4edcae0 (libc.so.6:memchr) redirected to 0x4a2c6de (_vgnU_ifunc_wrapper)
--16531-- REDIR: 0x4efac90 (libc.so.6:wcslen) redirected to 0x4a2c6de (_vgnU_ifunc_wrapper)
--16531-- REDIR: 0x4edc190 (libc.so.6:strspn) redirected to 0x4a2c6de (_vgnU_ifunc_wrapper)
--16531-- REDIR: 0x4edce20 (libc.so.6:stpncpy) redirected to 0x4a2c6de (_vgnU_ifunc_wrapper)
--16531-- REDIR: 0x4edcdf0 (libc.so.6:stpcpy) redirected to 0x4a2c6de (_vgnU_ifunc_wrapper)
--16531-- REDIR: 0x4ede5d0 (libc.so.6:strchrnul) redirected to 0x4a2c6de (_vgnU_ifunc_wrapper)
--16531-- REDIR: 0x4edcf40 (libc.so.6:strncasecmp_l) redirected to 0x4a2c6de (_vgnU_ifunc_wrapper)
--16531-- REDIR: 0x4fcc300 (libc.so.6:__strrchr_avx2) redirected to 0x4c34570 (rindex)
--16531-- REDIR: 0x4ed5140 (libc.so.6:malloc) redirected to 0x4c31aad (malloc)
--16531-- REDIR: 0x4edc6c0 (libc.so.6:__GI_strstr) redirected to 0x4c395a0 (__strstr_sse2)
--16531-- REDIR: 0x4ef4320 (libc.so.6:__strcpy_sse2_unaligned) redirected to 0x4c34c10 (strcpy)
--16531-- REDIR: 0x4fcce90 (libc.so.6:__memset_avx2_unaligned_erms) redirected to 0x4c38410 (memset)
--16531-- REDIR: 0x4fcc4d0 (libc.so.6:__strlen_avx2) redirected to 0x4c34b30 (strlen)
--16531-- REDIR: 0x4fcca10 (libc.so.6:__memcpy_avx_unaligned_erms) redirected to 0x4c38520 (memmove)
--16531-- REDIR: 0x4ef7310 (libc.so.6:__strcat_sse2_unaligned) redirected to 0x4c347d0 (strcat)
--16531-- REDIR: 0x4ee7c50 (libc.so.6:__strcmp_sse2_unaligned) redirected to 0x4c35be0 (strcmp)
--16531-- REDIR: 0x4fcbee0 (libc.so.6:__strchr_avx2) redirected to 0x4c34790 (index)
--16531-- REDIR: 0x4fcc110 (libc.so.6:__strchrnul_avx2) redirected to 0x4c38e60 (strchrnul)
--16531-- REDIR: 0x4fcc9f0 (libc.so.6:__mempcpy_avx_unaligned_erms) redirected to 0x4c38f70 (mempcpy)
--16531-- REDIR: 0x4ed5a30 (libc.so.6:free) redirected to 0x4c32c5a (free)
==16531== 
==16531== HEAP SUMMARY:
==16531==     in use at exit: 113 bytes in 14 blocks
==16531==   total heap usage: 105 allocs, 91 frees, 20,416 bytes allocated
==16531== 
==16531== Searching for pointers to 14 not-freed blocks
==16531== Checked 128,048 bytes
==16531== 
==16531== 2 bytes in 1 blocks are definitely lost in loss record 1 of 14
==16531==    at 0x4C31B1B: malloc (vg_replace_malloc.c:299)
==16531==    by 0x4EDBAF9: strdup (strdup.c:42)
==16531==    by 0x112035: newError (error.c:66)
==16531==    by 0x112624: checkMissType (semantic.c:65)
==16531==    by 0x10E03D: yyparse (syntatic.y:703)
==16531==    by 0x110DFC: main (syntatic.y:1412)
==16531== 
==16531== 4 bytes in 1 blocks are definitely lost in loss record 2 of 14
==16531==    at 0x4C31B1B: malloc (vg_replace_malloc.c:299)
==16531==    by 0x4EDBAF9: strdup (strdup.c:42)
==16531==    by 0x111568: getIDType (tree.c:38)
==16531==    by 0x1114D0: getCastExpression (tree.c:30)
==16531==    by 0x10E85C: yyparse (syntatic.y:821)
==16531==    by 0x110DFC: main (syntatic.y:1412)
==16531== 
==16531== 4 bytes in 1 blocks are definitely lost in loss record 3 of 14
==16531==    at 0x4C31B1B: malloc (vg_replace_malloc.c:299)
==16531==    by 0x4EDBAF9: strdup (strdup.c:42)
==16531==    by 0x111568: getIDType (tree.c:38)
==16531==    by 0x1114FE: getCastExpression (tree.c:31)
==16531==    by 0x10E85C: yyparse (syntatic.y:821)
==16531==    by 0x110DFC: main (syntatic.y:1412)
==16531== 
==16531== 4 bytes in 1 blocks are definitely lost in loss record 4 of 14
==16531==    at 0x4C31B1B: malloc (vg_replace_malloc.c:299)
==16531==    by 0x4EDBAF9: strdup (strdup.c:42)
==16531==    by 0x111568: getIDType (tree.c:38)
==16531==    by 0x1125FF: checkMissType (semantic.c:65)
==16531==    by 0x10E03D: yyparse (syntatic.y:703)
==16531==    by 0x110DFC: main (syntatic.y:1412)
==16531== 
==16531== 4 bytes in 1 blocks are definitely lost in loss record 5 of 14
==16531==    at 0x4C31B1B: malloc (vg_replace_malloc.c:299)
==16531==    by 0x4EDBAF9: strdup (strdup.c:42)
==16531==    by 0x112045: newError (error.c:67)
==16531==    by 0x112624: checkMissType (semantic.c:65)
==16531==    by 0x10E03D: yyparse (syntatic.y:703)
==16531==    by 0x110DFC: main (syntatic.y:1412)
==16531== 
==16531== 6 bytes in 1 blocks are definitely lost in loss record 6 of 14
==16531==    at 0x4C31B1B: malloc (vg_replace_malloc.c:299)
==16531==    by 0x4EDBAF9: strdup (strdup.c:42)
==16531==    by 0x111590: getIDType (tree.c:40)
==16531==    by 0x1114FE: getCastExpression (tree.c:31)
==16531==    by 0x10EA88: yyparse (syntatic.y:850)
==16531==    by 0x110DFC: main (syntatic.y:1412)
==16531== 
==16531== 6 bytes in 1 blocks are definitely lost in loss record 7 of 14
==16531==    at 0x4C31B1B: malloc (vg_replace_malloc.c:299)
==16531==    by 0x4EDBAF9: strdup (strdup.c:42)
==16531==    by 0x111590: getIDType (tree.c:40)
==16531==    by 0x1114D0: getCastExpression (tree.c:30)
==16531==    by 0x10E630: yyparse (syntatic.y:792)
==16531==    by 0x110DFC: main (syntatic.y:1412)
==16531== 
==16531== 6 bytes in 1 blocks are definitely lost in loss record 8 of 14
==16531==    at 0x4C31B1B: malloc (vg_replace_malloc.c:299)
==16531==    by 0x4EDBAF9: strdup (strdup.c:42)
==16531==    by 0x111590: getIDType (tree.c:40)
==16531==    by 0x1125F2: checkMissType (semantic.c:65)
==16531==    by 0x10E03D: yyparse (syntatic.y:703)
==16531==    by 0x110DFC: main (syntatic.y:1412)
==16531== 
==16531== 6 bytes in 1 blocks are definitely lost in loss record 9 of 14
==16531==    at 0x4C31B1B: malloc (vg_replace_malloc.c:299)
==16531==    by 0x4EDBAF9: strdup (strdup.c:42)
==16531==    by 0x112055: newError (error.c:68)
==16531==    by 0x112624: checkMissType (semantic.c:65)
==16531==    by 0x10E03D: yyparse (syntatic.y:703)
==16531==    by 0x110DFC: main (syntatic.y:1412)
==16531== 
==16531== 10 bytes in 1 blocks are definitely lost in loss record 10 of 14
==16531==    at 0x4C31B1B: malloc (vg_replace_malloc.c:299)
==16531==    by 0x4EDBAF9: strdup (strdup.c:42)
==16531==    by 0x111535: getCastExpression (tree.c:34)
==16531==    by 0x10E85C: yyparse (syntatic.y:821)
==16531==    by 0x110DFC: main (syntatic.y:1412)
==16531== 
==16531== 11 bytes in 1 blocks are definitely lost in loss record 11 of 14
==16531==    at 0x4C31B1B: malloc (vg_replace_malloc.c:299)
==16531==    by 0x4EDBAF9: strdup (strdup.c:42)
==16531==    by 0x1125A0: getCastString (semantic.c:59)
==16531==    by 0x1114C0: getCastExpression (tree.c:30)
==16531==    by 0x10EA88: yyparse (syntatic.y:850)
==16531==    by 0x110DFC: main (syntatic.y:1412)
==16531== 
==16531== 11 bytes in 1 blocks are definitely lost in loss record 12 of 14
==16531==    at 0x4C31B1B: malloc (vg_replace_malloc.c:299)
==16531==    by 0x4EDBAF9: strdup (strdup.c:42)
==16531==    by 0x1125A0: getCastString (semantic.c:59)
==16531==    by 0x1114EE: getCastExpression (tree.c:31)
==16531==    by 0x10E630: yyparse (syntatic.y:792)
==16531==    by 0x110DFC: main (syntatic.y:1412)
==16531== 
==16531== 19 bytes in 1 blocks are definitely lost in loss record 13 of 14
==16531==    at 0x4C31B1B: malloc (vg_replace_malloc.c:299)
==16531==    by 0x4EDBAF9: strdup (strdup.c:42)
==16531==    by 0x111535: getCastExpression (tree.c:34)
==16531==    by 0x10EA88: yyparse (syntatic.y:850)
==16531==    by 0x110DFC: main (syntatic.y:1412)
==16531== 
==16531== 20 bytes in 1 blocks are definitely lost in loss record 14 of 14
==16531==    at 0x4C31B1B: malloc (vg_replace_malloc.c:299)
==16531==    by 0x4EDBAF9: strdup (strdup.c:42)
==16531==    by 0x111535: getCastExpression (tree.c:34)
==16531==    by 0x10E630: yyparse (syntatic.y:792)
==16531==    by 0x110DFC: main (syntatic.y:1412)
==16531== 
==16531== LEAK SUMMARY:
==16531==    definitely lost: 113 bytes in 14 blocks
==16531==    indirectly lost: 0 bytes in 0 blocks
==16531==      possibly lost: 0 bytes in 0 blocks
==16531==    still reachable: 0 bytes in 0 blocks
==16531==         suppressed: 0 bytes in 0 blocks
==16531== 
==16531== ERROR SUMMARY: 14 errors from 14 contexts (suppressed: 0 from 0)
==16531== ERROR SUMMARY: 14 errors from 14 contexts (suppressed: 0 from 0)
